<?xml version="1.0" encoding="UTF-8"?>
<testng-results skipped="0" failed="0" ignored="0" total="2" passed="2">
  <reporter-output>
  </reporter-output>
  <suite name="Suite" duration-ms="16982" started-at="2019-07-19T21:28:20 IST" finished-at="2019-07-19T21:28:37 IST">
    <groups>
    </groups>
    <test name="Test" duration-ms="16982" started-at="2019-07-19T21:28:20 IST" finished-at="2019-07-19T21:28:37 IST">
      <class name="com.script.CommonLogin">
        <test-method status="PASS" signature="loginTest(java.lang.String, java.lang.String, java.lang.String, java.lang.String)[pri:0, instance:com.script.CommonLogin@b62fe6d]" name="loginTest" duration-ms="16408" started-at="2019-07-19T21:28:20 IST" finished-at="2019-07-19T21:28:36 IST">
          <params>
            <param index="0">
              <value>
                <![CDATA[chrome]]>
              </value>
            </param>
            <param index="1">
              <value>
                <![CDATA[http://127.0.0.1/login.do]]>
              </value>
            </param>
            <param index="2">
              <value>
                <![CDATA[admin]]>
              </value>
            </param>
            <param index="3">
              <value>
                <![CDATA[manager]]>
              </value>
            </param>
          </params>
          <reporter-output>
          </reporter-output>
        </test-method> <!-- loginTest -->
      </class> <!-- com.script.CommonLogin -->
      <class name="com.script.CommonLogOut">
        <test-method status="PASS" signature="logOutLink()[pri:0, instance:com.script.CommonLogOut@13acb0d1]" name="logOutLink" duration-ms="3" started-at="2019-07-19T21:28:37 IST" finished-at="2019-07-19T21:28:37 IST">
          <reporter-output>
          </reporter-output>
        </test-method> <!-- logOutLink -->
      </class> <!-- com.script.CommonLogOut -->
    </test> <!-- Test -->
  </suite> <!-- Suite -->
</testng-results>
