<?xml version="1.0" encoding="UTF-8"?>
<testng-results skipped="0" failed="0" ignored="0" total="2" passed="2">
  <reporter-output>
  </reporter-output>
  <suite name="Suite" duration-ms="8609" started-at="2019-07-09T08:09:45Z" finished-at="2019-07-09T08:09:53Z">
    <groups>
    </groups>
    <test name="Test" duration-ms="8609" started-at="2019-07-09T08:09:45Z" finished-at="2019-07-09T08:09:53Z">
      <class name="com.script.CommonLogOut">
        <test-method status="PASS" signature="logOutLink()[pri:0, instance:com.script.CommonLogOut@68c4039c]" name="logOutLink" duration-ms="16" started-at="2019-07-09T13:39:45Z" finished-at="2019-07-09T13:39:45Z">
          <reporter-output>
          </reporter-output>
        </test-method> <!-- logOutLink -->
      </class> <!-- com.script.CommonLogOut -->
      <class name="com.script.CommonLogin">
        <test-method status="PASS" signature="loginTest(java.lang.String, java.lang.String, java.lang.String, java.lang.String)[pri:1, instance:com.script.CommonLogin@5e5792a0]" name="loginTest" duration-ms="8560" started-at="2019-07-09T13:39:45Z" finished-at="2019-07-09T13:39:53Z">
          <params>
            <param index="0">
              <value>
                <![CDATA[chrome]]>
              </value>
            </param>
            <param index="1">
              <value>
                <![CDATA[http://127.0.0.1/login.do]]>
              </value>
            </param>
            <param index="2">
              <value>
                <![CDATA[admin]]>
              </value>
            </param>
            <param index="3">
              <value>
                <![CDATA[manager]]>
              </value>
            </param>
          </params>
          <reporter-output>
          </reporter-output>
        </test-method> <!-- loginTest -->
      </class> <!-- com.script.CommonLogin -->
    </test> <!-- Test -->
  </suite> <!-- Suite -->
</testng-results>
